  GameOver.cpp
D:\OneDrive - e-uvt.ro\Informatica\Programing\Cpp_Games\SnakeGame\SnakeGame\GameOver.cpp(21,63): warning C4244: 'argument': conversion from 'T' to 'float', possible loss of data
          with
          [
              T=unsigned int
          ]
D:\OneDrive - e-uvt.ro\Informatica\Programing\Cpp_Games\SnakeGame\SnakeGame\GameOver.cpp(26,61): warning C4244: 'argument': conversion from 'T' to 'float', possible loss of data
          with
          [
              T=unsigned int
          ]
D:\OneDrive - e-uvt.ro\Informatica\Programing\Cpp_Games\SnakeGame\SnakeGame\GameOver.cpp(32,60): warning C4244: 'argument': conversion from 'T' to 'float', possible loss of data
          with
          [
              T=unsigned int
          ]
  GamePlay.cpp
D:\OneDrive - e-uvt.ro\Informatica\Programing\Cpp_Games\SnakeGame\SnakeGame\GamePlay.cpp(12,12): warning C4244: 'argument': conversion from 'time_t' to 'unsigned int', possible loss of data
D:\OneDrive - e-uvt.ro\Informatica\Programing\Cpp_Games\SnakeGame\SnakeGame\GamePlay.cpp(33,66): warning C4244: 'argument': conversion from 'int' to 'float', possible loss of data
D:\OneDrive - e-uvt.ro\Informatica\Programing\Cpp_Games\SnakeGame\SnakeGame\GamePlay.cpp(37,63): warning C4244: 'argument': conversion from 'int' to 'float', possible loss of data
D:\OneDrive - e-uvt.ro\Informatica\Programing\Cpp_Games\SnakeGame\SnakeGame\GamePlay.cpp(40,102): warning C4244: 'argument': conversion from 'int' to 'float', possible loss of data
D:\OneDrive - e-uvt.ro\Informatica\Programing\Cpp_Games\SnakeGame\SnakeGame\GamePlay.cpp(40,59): warning C4244: 'argument': conversion from 'int' to 'float', possible loss of data
D:\OneDrive - e-uvt.ro\Informatica\Programing\Cpp_Games\SnakeGame\SnakeGame\GamePlay.cpp(119,27): warning C4244: 'argument': conversion from 'int' to 'float', possible loss of data
D:\OneDrive - e-uvt.ro\Informatica\Programing\Cpp_Games\SnakeGame\SnakeGame\GamePlay.cpp(119,24): warning C4244: 'argument': conversion from 'int' to 'float', possible loss of data
  MainMenu.cpp
D:\OneDrive - e-uvt.ro\Informatica\Programing\Cpp_Games\SnakeGame\SnakeGame\MainMenu.cpp(21,59): warning C4244: 'argument': conversion from 'T' to 'float', possible loss of data
          with
          [
              T=unsigned int
          ]
D:\OneDrive - e-uvt.ro\Informatica\Programing\Cpp_Games\SnakeGame\SnakeGame\MainMenu.cpp(26,60): warning C4244: 'argument': conversion from 'T' to 'float', possible loss of data
          with
          [
              T=unsigned int
          ]
D:\OneDrive - e-uvt.ro\Informatica\Programing\Cpp_Games\SnakeGame\SnakeGame\MainMenu.cpp(32,60): warning C4244: 'argument': conversion from 'T' to 'float', possible loss of data
          with
          [
              T=unsigned int
          ]
  Generating Code...
  SnakeGame.vcxproj -> D:\OneDrive - e-uvt.ro\Informatica\Programing\Cpp_Games\SnakeGame\x64\Debug\SnakeGame.exe
